c:\users\jimmy\documents\github\ffmpeg_decoder_video\ffmpeg_decoder\ffmpeg_decoder\stdafx.pch
c:\users\jimmy\documents\github\ffmpeg_decoder_video\ffmpeg_decoder\ffmpeg_decoder\debug\vc141.pdb
c:\users\jimmy\documents\github\ffmpeg_decoder_video\ffmpeg_decoder\ffmpeg_decoder\debug\vc141.idb
c:\users\jimmy\documents\github\ffmpeg_decoder_video\ffmpeg_decoder\ffmpeg_decoder\debug\stdafx.obj
c:\users\jimmy\documents\github\ffmpeg_decoder_video\ffmpeg_decoder\ffmpeg_decoder\debug\ffmpeg_decoder.obj
c:\users\jimmy\documents\github\ffmpeg_decoder_video\ffmpeg_decoder\ffmpeg_decoder\debug\basicfunctions.obj
c:\users\jimmy\documents\github\ffmpeg_decoder_video\ffmpeg_decoder\ffmpeg_decoder\debug\bmpfileio.obj
c:\users\jimmy\documents\github\ffmpeg_decoder_video\ffmpeg_decoder\ffmpeg_decoder\debug\conversion.obj
c:\users\jimmy\documents\github\ffmpeg_decoder_video\ffmpeg_decoder\ffmpeg_decoder\debug\mainimageprocessing.obj
c:\users\jimmy\documents\github\ffmpeg_decoder_video\ffmpeg_decoder\debug\ffmpeg_decoder.pdb
c:\users\jimmy\documents\github\ffmpeg_decoder_video\ffmpeg_decoder\ffmpeg_decoder\debug\ffmpeg_decoder.tlog\cl.command.1.tlog
c:\users\jimmy\documents\github\ffmpeg_decoder_video\ffmpeg_decoder\ffmpeg_decoder\debug\ffmpeg_decoder.tlog\cl.read.1.tlog
c:\users\jimmy\documents\github\ffmpeg_decoder_video\ffmpeg_decoder\ffmpeg_decoder\debug\ffmpeg_decoder.tlog\cl.write.1.tlog
c:\users\jimmy\documents\github\ffmpeg_decoder_video\ffmpeg_decoder\ffmpeg_decoder\debug\ffmpeg_decoder.tlog\link-cvtres.read.1.tlog
c:\users\jimmy\documents\github\ffmpeg_decoder_video\ffmpeg_decoder\ffmpeg_decoder\debug\ffmpeg_decoder.tlog\link-cvtres.write.1.tlog
c:\users\jimmy\documents\github\ffmpeg_decoder_video\ffmpeg_decoder\ffmpeg_decoder\debug\ffmpeg_decoder.tlog\link-rc.read.1.tlog
c:\users\jimmy\documents\github\ffmpeg_decoder_video\ffmpeg_decoder\ffmpeg_decoder\debug\ffmpeg_decoder.tlog\link-rc.write.1.tlog
c:\users\jimmy\documents\github\ffmpeg_decoder_video\ffmpeg_decoder\ffmpeg_decoder\debug\ffmpeg_decoder.tlog\link.command.1.tlog
c:\users\jimmy\documents\github\ffmpeg_decoder_video\ffmpeg_decoder\ffmpeg_decoder\debug\ffmpeg_decoder.tlog\link.read.1.tlog
c:\users\jimmy\documents\github\ffmpeg_decoder_video\ffmpeg_decoder\ffmpeg_decoder\debug\ffmpeg_decoder.tlog\link.write.1.tlog
